Arguments: 
  C:\Program Files\nodejs\node.exe C:\Program Files (x86)\Yarn\bin\yarn.js

PATH: 
  C:\Users\dylma\cmder\bin;C:\Users\dylma\cmder\vendor\bin;C:\Users\dylma\anaconda3\condabin;C:\Users\dylma\cmder\vendor\conemu-maximus5\ConEmu\Scripts;C:\Users\dylma\cmder\vendor\conemu-maximus5\ConEmu\Scripts;C:\Users\dylma\cmder\vendor\conemu-maximus5;C:\Users\dylma\cmder\vendor\conemu-maximus5\ConEmu;C:\Python39\Scripts\;C:\Python39\;C:\Program Files\Java\jre1.8.0_281\bin;C:\Program Files\Java\jdk-12.0.2\bin;C:\Python38\Scripts\;C:\Python38\;C:\Python27;C:\Program Files (x86)\Common Files\Oracle\Java\javapath;C:\Program Files (x86)\Intel\Intel(R) Management Engine Components\iCLS\;C:\Program Files\Intel\Intel(R) Management Engine Components\iCLS\;C:\Windows\system32;C:\Windows;C:\Windows\System32\Wbem;C:\Windows\System32\WindowsPowerShell\v1.0\;C:\Windows\System32\OpenSSH\;C:\Program Files\Microsoft SQL Server\Client SDK\ODBC\110\Tools\Binn\;C:\Program Files (x86)\Microsoft SQL Server\120\Tools\Binn\;C:\Program Files\Microsoft SQL Server\120\Tools\Binn\;C:\Program Files\Microsoft SQL Server\120\DTS\Binn\;C:\Program Files (x86)\Windows Kits\8.1\Windows Performance Toolkit\;C:\Program Files (x86)\Intel\Intel(R) Management Engine Components\DAL;C:\Program Files\Intel\Intel(R) Management Engine Components\DAL;C:\Program Files\NVIDIA Corporation\NVIDIA NvDLISR;C:\WINDOWS\system32;C:\WINDOWS;C:\WINDOWS\System32\Wbem;C:\WINDOWS\System32\WindowsPowerShell\v1.0\;C:\WINDOWS\System32\OpenSSH\;C:\Program Files\Git\cmd;C:\Program Files (x86)\Yarn\bin\;C:\Users\dylma\AppData\Roaming\npm;C:\Program Files (x86)\QuickTime Alternative\QTSystem;C:\Users\dylma\AppData\Local\Programs\Python\Python37;C:\Program Files\Intel\WiFi\bin\;C:\Program Files\Common Files\Intel\WirelessCommon\;C:\Program Files\Microsoft SQL Server\130\Tools\Binn\;C:\Program Files\Microsoft SQL Server\Client SDK\ODBC\170\Tools\Binn\;C:\Users\dylma\anaconda3\Scripts;C:\ProgramData\chocolatey\bin;C:\Program Files\erl10.3\bin;C:\Program Files (x86)\Elixir\bin;C:\Users\dylma\.mix\escripts;C:\Program Files\heroku\bin;C:\Program Files\nodejs\;C:\Users\dylma\AppData\Local\Programs\Python\Python37\Scripts\;C:\Users\dylma\AppData\Local\Programs\Python\Python37\;C:\Users\dylma\AppData\Local\Microsoft\WindowsApps;C:\Users\dylma\AppData\Local\Programs\Fiddler;C:\Python27;C:\Python27\scripts;C:\Users\dylma\AppData\Local\Microsoft\WindowsApps;C:\Program Files (x86)\SSH Communications Security\SSH Secure Shell;C:\Users\dylma\AppData\Local\Programs\Microsoft VS Code\bin;C:\Users\dylma\AppData\Local\Yarn\bin;C:\Users\dylma\AppData\Roaming\TinyTeX\bin\win32;C:\Program Files\heroku\bin;C:\Users\dylma\AppData\Roaming\npm;C:\Program Files\JetBrains\IntelliJ IDEA Community Edition 2021.2\bin;c:\users\dylma\appdata\roaming\python\python36\scripts;c:\users\dylma\.local\bin;c:\users\dylma\appdata\roaming\python\python39\scriptsC:\Python27\C:\Program Files\Java\jdk-13;C:\Program Files\Git\cmd;C:\Program Files\Git\mingw64\bin;C:\Program Files\Git\usr\bin;C:\Users\dylma\cmder

Yarn version: 
  1.22.0

Node version: 
  16.2.0

Platform: 
  win32 x64

Trace: 
  SyntaxError: C:\Users\dylma\Documents\csProjects\csumamm\package.json: Unexpected string in JSON at position 32
      at JSON.parse (<anonymous>)
      at C:\Program Files (x86)\Yarn\lib\cli.js:1625:59
      at Generator.next (<anonymous>)
      at step (C:\Program Files (x86)\Yarn\lib\cli.js:310:30)
      at C:\Program Files (x86)\Yarn\lib\cli.js:321:13

npm manifest: 
  {
    "name": "hardhat-project"
    "devDependencies": {
      "@nomiclabs/hardhat-ethers": "npm:hardhat-deploy-ethers",
      "@nomiclabs/hardhat-etherscan": "^2.1.6",
      "@nomiclabs/hardhat-waffle": "^2.0.1",
      "@typechain/ethers-v5": "^7.1.2",
      "@typechain/hardhat": "^2.3.0",
      "@types/chai": "^4.2.22",
      "@types/mocha": "^9.0.0",
      "@types/node": "^16.11.7",
      "@typescript-eslint/eslint-plugin": "^4.33.0",
      "@typescript-eslint/parser": "^4.33.0",
      "chai": "^4.3.4",
      "chai-ethers": "^0.0.1",
      "dotenv": "^10.0.0",
      "eslint": "^7.32.0",
      "eslint-config-prettier": "^8.3.0",
      "eslint-config-standard": "^16.0.3",
      "eslint-plugin-import": "^2.24.2",
      "eslint-plugin-node": "^11.1.0",
      "eslint-plugin-prettier": "^3.4.1",
      "eslint-plugin-promise": "^5.1.0",
      "ethereum-waffle": "^3.4.0",
      "ethers": "^5.5.1",
      "hardhat": "^2.6.8",
      "hardhat-deploy": "^0.9.6",
      "hardhat-deploy-ethers": "^0.3.0-beta.11",
      "hardhat-gas-reporter": "^1.0.4",
      "mocha": "^9.1.3",
      "prettier": "^2.4.1",
      "prettier-plugin-solidity": "^1.0.0-beta.13",
      "solhint": "^3.3.6",
      "solidity-coverage": "^0.7.17",
      "ts-node": "^10.4.0",
      "typechain": "^5.1.2",
      "typescript": "^4.4.4"
    },
    "dependencies": {
      "@celo/contractkit": "^1.3.3",
      "@nomiclabs/hardhat-solhint": "^2.0.0",
      "@openzeppelin/contracts": "^4.3.2",
      "@ubeswap/hardhat-celo": "^0.9.0",
      "hardhat-abi-exporter": "^2.3.1",
      "hardhat-preprocessor": "^0.1.4",
      "hardhat-spdx-license-identifier": "^2.0.3",
      "hardhat-watcher": "^2.1.1"
    }
  }

yarn manifest: 
  No manifest

Lockfile: 
  # THIS IS AN AUTOGENERATED FILE. DO NOT EDIT THIS FILE DIRECTLY.
  # yarn lockfile v1
